2021-07-29 16:43:47.132  INFO 212204 --- [restartedMain] com.alibaba.Application                  : Starting Application on ZHONGBL1-1QLQBG with PID 212204 (C:\Users\zhongbl1\IdeaProjects\springboot-login-master\target\classes started by zhongbl1 in C:\Users\zhongbl1\IdeaProjects\springboot-login-master)
2021-07-29 16:43:47.141  INFO 212204 --- [restartedMain] com.alibaba.Application                  : No active profile set, falling back to default profiles: default
2021-07-29 16:43:47.183  INFO 212204 --- [restartedMain] .e.DevToolsPropertyDefaultsPostProcessor : Devtools property defaults active! Set 'spring.devtools.add-properties' to 'false' to disable
2021-07-29 16:43:47.184  INFO 212204 --- [restartedMain] .e.DevToolsPropertyDefaultsPostProcessor : For additional web related logging consider setting the 'logging.level.web' property to 'DEBUG'
2021-07-29 16:43:48.931  INFO 212204 --- [restartedMain] o.s.b.w.embedded.tomcat.TomcatWebServer  : Tomcat initialized with port(s): 9090 (http)
2021-07-29 16:43:48.955  INFO 212204 --- [restartedMain] o.apache.catalina.core.StandardService   : Starting service [Tomcat]
2021-07-29 16:43:48.956  INFO 212204 --- [restartedMain] org.apache.catalina.core.StandardEngine  : Starting Servlet engine: [Apache Tomcat/9.0.19]
2021-07-29 16:43:49.065  INFO 212204 --- [restartedMain] o.a.c.c.C.[Tomcat].[localhost].[/]       : Initializing Spring embedded WebApplicationContext
2021-07-29 16:43:49.065  INFO 212204 --- [restartedMain] o.s.web.context.ContextLoader            : Root WebApplicationContext: initialization completed in 1881 ms
2021-07-29 16:43:49.118  INFO 212204 --- [restartedMain] com.alibaba.filter.MyFilter              : 初始化过滤器
2021-07-29 16:43:49.421  INFO 212204 --- [restartedMain] o.s.s.concurrent.ThreadPoolTaskExecutor  : Initializing ExecutorService 'applicationTaskExecutor'
2021-07-29 16:43:49.558  INFO 212204 --- [restartedMain] o.s.b.a.w.s.WelcomePageHandlerMapping    : Adding welcome page: class path resource [templates/index.html]
2021-07-29 16:43:49.688  INFO 212204 --- [restartedMain] o.s.b.d.a.OptionalLiveReloadServer       : LiveReload server is running on port 35729
2021-07-29 16:43:49.732  INFO 212204 --- [restartedMain] o.s.b.w.embedded.tomcat.TomcatWebServer  : Tomcat started on port(s): 9090 (http) with context path ''
2021-07-29 16:43:49.735  INFO 212204 --- [restartedMain] com.alibaba.Application                  : Started Application in 3.029 seconds (JVM running for 3.515)
2021-07-29 16:44:00.698  INFO 212204 --- [http-nio-9090-exec-1] o.a.c.c.C.[Tomcat].[localhost].[/]       : Initializing Spring DispatcherServlet 'dispatcherServlet'
2021-07-29 16:44:00.698  INFO 212204 --- [http-nio-9090-exec-1] o.s.web.servlet.DispatcherServlet        : Initializing Servlet 'dispatcherServlet'
2021-07-29 16:44:00.707  INFO 212204 --- [http-nio-9090-exec-1] o.s.web.servlet.DispatcherServlet        : Completed initialization in 8 ms
2021-07-29 16:44:00.719  INFO 212204 --- [http-nio-9090-exec-1] com.alibaba.filter.MyFilter              : 请求的地址是 /login.html
2021-07-29 16:44:00.724  INFO 212204 --- [http-nio-9090-exec-1] c.a.listener.MyHttpSessionListener       : 【在线人数】人数增加为:1
2021-07-29 16:44:00.736  INFO 212204 --- [http-nio-9090-exec-1] com.alibaba.interceptor.MyInterceptor    : 【MyInterceptor】调用了:/login.html
2021-07-29 16:44:00.749  INFO 212204 --- [http-nio-9090-exec-1] com.alibaba.interceptor.MyInterceptor    : 【MyInterceptor】当前浏览器存在 session:null
2021-07-29 16:44:00.750  INFO 212204 --- [http-nio-9090-exec-1] com.alibaba.interceptor.MyInterceptor    : 【MyInterceptor】[/login.html]调用耗时:13ms
2021-07-29 16:44:00.821  INFO 212204 --- [http-nio-9090-exec-3] com.alibaba.filter.MyFilter              : 请求的地址是 /favicon.ico
2021-07-29 16:44:00.840  INFO 212204 --- [http-nio-9090-exec-4] com.alibaba.filter.MyFilter              : 请求的地址是 /login.html
2021-07-29 16:44:00.841  INFO 212204 --- [http-nio-9090-exec-4] com.alibaba.interceptor.MyInterceptor    : 【MyInterceptor】调用了:/login.html
2021-07-29 16:44:00.843  INFO 212204 --- [http-nio-9090-exec-4] com.alibaba.interceptor.MyInterceptor    : 【MyInterceptor】当前浏览器存在 session:null
2021-07-29 16:44:00.843  INFO 212204 --- [http-nio-9090-exec-4] com.alibaba.interceptor.MyInterceptor    : 【MyInterceptor】[/login.html]调用耗时:2ms
2021-07-29 16:44:22.736  INFO 212204 --- [http-nio-9090-exec-6] com.alibaba.filter.MyFilter              : 请求的地址是 /user/login
2021-07-29 16:44:22.738  INFO 212204 --- [http-nio-9090-exec-6] com.alibaba.interceptor.MyInterceptor    : 【MyInterceptor】调用了:/user/login
2021-07-29 16:44:22.768  INFO 212204 --- [http-nio-9090-exec-6] com.zaxxer.hikari.HikariDataSource       : HikariPool-1 - Starting...
2021-07-29 16:44:22.955  INFO 212204 --- [http-nio-9090-exec-6] com.zaxxer.hikari.HikariDataSource       : HikariPool-1 - Start completed.
2021-07-29 16:44:23.063  INFO 212204 --- [http-nio-9090-exec-6] com.alibaba.interceptor.MyInterceptor    : 【MyInterceptor】当前浏览器存在 session:null
2021-07-29 16:44:23.064  INFO 212204 --- [http-nio-9090-exec-6] com.alibaba.interceptor.MyInterceptor    : 【MyInterceptor】[/user/login]调用耗时:326ms
2021-07-29 16:44:23.109  INFO 212204 --- [http-nio-9090-exec-7] com.alibaba.filter.MyFilter              : 请求的地址是 /favicon.ico
2021-07-29 16:44:23.112  INFO 212204 --- [http-nio-9090-exec-8] com.alibaba.filter.MyFilter              : 请求的地址是 /login.html
2021-07-29 16:44:23.112  INFO 212204 --- [http-nio-9090-exec-8] com.alibaba.interceptor.MyInterceptor    : 【MyInterceptor】调用了:/login.html
2021-07-29 16:44:23.114  INFO 212204 --- [http-nio-9090-exec-8] com.alibaba.interceptor.MyInterceptor    : 【MyInterceptor】当前浏览器存在 session:null
2021-07-29 16:44:23.114  INFO 212204 --- [http-nio-9090-exec-8] com.alibaba.interceptor.MyInterceptor    : 【MyInterceptor】[/login.html]调用耗时:2ms
2021-07-29 16:44:47.386  INFO 212204 --- [http-nio-9090-exec-9] com.alibaba.filter.MyFilter              : 请求的地址是 /login.html
2021-07-29 16:44:47.387  INFO 212204 --- [http-nio-9090-exec-9] com.alibaba.interceptor.MyInterceptor    : 【MyInterceptor】调用了:/login.html
2021-07-29 16:44:47.389  INFO 212204 --- [http-nio-9090-exec-9] com.alibaba.interceptor.MyInterceptor    : 【MyInterceptor】当前浏览器存在 session:null
2021-07-29 16:44:47.389  INFO 212204 --- [http-nio-9090-exec-9] com.alibaba.interceptor.MyInterceptor    : 【MyInterceptor】[/login.html]调用耗时:2ms
2021-07-29 16:44:47.402  INFO 212204 --- [http-nio-9090-exec-10] com.alibaba.filter.MyFilter              : 请求的地址是 /favicon.ico
2021-07-29 16:44:47.428  INFO 212204 --- [http-nio-9090-exec-1] com.alibaba.filter.MyFilter              : 请求的地址是 /login.html
2021-07-29 16:44:47.429  INFO 212204 --- [http-nio-9090-exec-1] com.alibaba.interceptor.MyInterceptor    : 【MyInterceptor】调用了:/login.html
2021-07-29 16:44:47.431  INFO 212204 --- [http-nio-9090-exec-1] com.alibaba.interceptor.MyInterceptor    : 【MyInterceptor】当前浏览器存在 session:null
2021-07-29 16:44:47.431  INFO 212204 --- [http-nio-9090-exec-1] com.alibaba.interceptor.MyInterceptor    : 【MyInterceptor】[/login.html]调用耗时:2ms
2021-07-29 16:44:51.565  INFO 212204 --- [http-nio-9090-exec-3] com.alibaba.filter.MyFilter              : 请求的地址是 /user/login
2021-07-29 16:44:51.566  INFO 212204 --- [http-nio-9090-exec-3] com.alibaba.interceptor.MyInterceptor    : 【MyInterceptor】调用了:/user/login
2021-07-29 16:44:51.570  INFO 212204 --- [http-nio-9090-exec-3] com.alibaba.interceptor.MyInterceptor    : 【MyInterceptor】当前浏览器存在 session:null
2021-07-29 16:44:51.570  INFO 212204 --- [http-nio-9090-exec-3] com.alibaba.interceptor.MyInterceptor    : 【MyInterceptor】[/user/login]调用耗时:4ms
2021-07-29 16:44:51.581  INFO 212204 --- [http-nio-9090-exec-4] com.alibaba.filter.MyFilter              : 请求的地址是 /favicon.ico
2021-07-29 16:44:51.583  INFO 212204 --- [http-nio-9090-exec-5] com.alibaba.filter.MyFilter              : 请求的地址是 /login.html
2021-07-29 16:44:51.584  INFO 212204 --- [http-nio-9090-exec-5] com.alibaba.interceptor.MyInterceptor    : 【MyInterceptor】调用了:/login.html
2021-07-29 16:44:51.586  INFO 212204 --- [http-nio-9090-exec-5] com.alibaba.interceptor.MyInterceptor    : 【MyInterceptor】当前浏览器存在 session:null
2021-07-29 16:44:51.586  INFO 212204 --- [http-nio-9090-exec-5] com.alibaba.interceptor.MyInterceptor    : 【MyInterceptor】[/login.html]调用耗时:2ms
2021-07-29 16:45:44.693  INFO 212204 --- [http-nio-9090-exec-6] com.alibaba.filter.MyFilter              : 请求的地址是 /login.html
2021-07-29 16:45:44.694  INFO 212204 --- [http-nio-9090-exec-6] com.alibaba.interceptor.MyInterceptor    : 【MyInterceptor】调用了:/login.html
2021-07-29 16:45:44.696  INFO 212204 --- [http-nio-9090-exec-6] com.alibaba.interceptor.MyInterceptor    : 【MyInterceptor】当前浏览器存在 session:null
2021-07-29 16:45:44.696  INFO 212204 --- [http-nio-9090-exec-6] com.alibaba.interceptor.MyInterceptor    : 【MyInterceptor】[/login.html]调用耗时:2ms
2021-07-29 16:45:44.709  INFO 212204 --- [http-nio-9090-exec-7] com.alibaba.filter.MyFilter              : 请求的地址是 /favicon.ico
2021-07-29 16:45:44.732  INFO 212204 --- [http-nio-9090-exec-8] com.alibaba.filter.MyFilter              : 请求的地址是 /login.html
2021-07-29 16:45:44.732  INFO 212204 --- [http-nio-9090-exec-8] com.alibaba.interceptor.MyInterceptor    : 【MyInterceptor】调用了:/login.html
2021-07-29 16:45:44.734  INFO 212204 --- [http-nio-9090-exec-8] com.alibaba.interceptor.MyInterceptor    : 【MyInterceptor】当前浏览器存在 session:null
2021-07-29 16:45:44.735  INFO 212204 --- [http-nio-9090-exec-8] com.alibaba.interceptor.MyInterceptor    : 【MyInterceptor】[/login.html]调用耗时:3ms
2021-07-29 16:45:53.568  INFO 212204 --- [http-nio-9090-exec-9] com.alibaba.filter.MyFilter              : 请求的地址是 /user/login
2021-07-29 16:45:53.568  INFO 212204 --- [http-nio-9090-exec-9] com.alibaba.interceptor.MyInterceptor    : 【MyInterceptor】调用了:/user/login
2021-07-29 16:45:53.574  INFO 212204 --- [http-nio-9090-exec-9] com.alibaba.interceptor.MyInterceptor    : 【MyInterceptor】当前浏览器存在 session:null
2021-07-29 16:45:53.575  INFO 212204 --- [http-nio-9090-exec-9] com.alibaba.interceptor.MyInterceptor    : 【MyInterceptor】[/user/login]调用耗时:7ms
2021-07-29 16:45:53.588  INFO 212204 --- [http-nio-9090-exec-10] com.alibaba.filter.MyFilter              : 请求的地址是 /favicon.ico
2021-07-29 16:45:53.590  INFO 212204 --- [http-nio-9090-exec-1] com.alibaba.filter.MyFilter              : 请求的地址是 /login.html
2021-07-29 16:45:53.590  INFO 212204 --- [http-nio-9090-exec-1] com.alibaba.interceptor.MyInterceptor    : 【MyInterceptor】调用了:/login.html
2021-07-29 16:45:53.592  INFO 212204 --- [http-nio-9090-exec-1] com.alibaba.interceptor.MyInterceptor    : 【MyInterceptor】当前浏览器存在 session:null
2021-07-29 16:45:53.592  INFO 212204 --- [http-nio-9090-exec-1] com.alibaba.interceptor.MyInterceptor    : 【MyInterceptor】[/login.html]调用耗时:1ms
2021-07-29 16:48:47.883  INFO 219120 --- [restartedMain] com.alibaba.Application                  : Starting Application on ZHONGBL1-1QLQBG with PID 219120 (C:\Users\zhongbl1\IdeaProjects\springboot-login-master\target\classes started by zhongbl1 in C:\Users\zhongbl1\IdeaProjects\springboot-login-master)
2021-07-29 16:48:47.886  INFO 219120 --- [restartedMain] com.alibaba.Application                  : No active profile set, falling back to default profiles: default
2021-07-29 16:48:47.921  INFO 219120 --- [restartedMain] .e.DevToolsPropertyDefaultsPostProcessor : Devtools property defaults active! Set 'spring.devtools.add-properties' to 'false' to disable
2021-07-29 16:48:47.922  INFO 219120 --- [restartedMain] .e.DevToolsPropertyDefaultsPostProcessor : For additional web related logging consider setting the 'logging.level.web' property to 'DEBUG'
2021-07-29 16:48:49.515  INFO 219120 --- [restartedMain] o.s.b.w.embedded.tomcat.TomcatWebServer  : Tomcat initialized with port(s): 9090 (http)
2021-07-29 16:48:49.539  INFO 219120 --- [restartedMain] o.apache.catalina.core.StandardService   : Starting service [Tomcat]
2021-07-29 16:48:49.539  INFO 219120 --- [restartedMain] org.apache.catalina.core.StandardEngine  : Starting Servlet engine: [Apache Tomcat/9.0.19]
2021-07-29 16:48:49.646  INFO 219120 --- [restartedMain] o.a.c.c.C.[Tomcat].[localhost].[/]       : Initializing Spring embedded WebApplicationContext
2021-07-29 16:48:49.647  INFO 219120 --- [restartedMain] o.s.web.context.ContextLoader            : Root WebApplicationContext: initialization completed in 1725 ms
2021-07-29 16:48:49.695  INFO 219120 --- [restartedMain] com.alibaba.filter.MyFilter              : 初始化过滤器
2021-07-29 16:48:49.980  INFO 219120 --- [restartedMain] o.s.s.concurrent.ThreadPoolTaskExecutor  : Initializing ExecutorService 'applicationTaskExecutor'
2021-07-29 16:48:50.112  INFO 219120 --- [restartedMain] o.s.b.a.w.s.WelcomePageHandlerMapping    : Adding welcome page: class path resource [templates/index.html]
2021-07-29 16:48:50.250  INFO 219120 --- [restartedMain] o.s.b.d.a.OptionalLiveReloadServer       : LiveReload server is running on port 35729
2021-07-29 16:48:50.292  INFO 219120 --- [restartedMain] o.s.b.w.embedded.tomcat.TomcatWebServer  : Tomcat started on port(s): 9090 (http) with context path ''
2021-07-29 16:48:50.294  INFO 219120 --- [restartedMain] com.alibaba.Application                  : Started Application in 2.776 seconds (JVM running for 3.207)
2021-07-29 16:48:54.799  INFO 219120 --- [http-nio-9090-exec-1] o.a.c.c.C.[Tomcat].[localhost].[/]       : Initializing Spring DispatcherServlet 'dispatcherServlet'
2021-07-29 16:48:54.799  INFO 219120 --- [http-nio-9090-exec-1] o.s.web.servlet.DispatcherServlet        : Initializing Servlet 'dispatcherServlet'
2021-07-29 16:48:54.807  INFO 219120 --- [http-nio-9090-exec-1] o.s.web.servlet.DispatcherServlet        : Completed initialization in 7 ms
2021-07-29 16:48:54.817  INFO 219120 --- [http-nio-9090-exec-1] com.alibaba.filter.MyFilter              : 请求的地址是 /login.html
2021-07-29 16:48:54.823  INFO 219120 --- [http-nio-9090-exec-1] c.a.listener.MyHttpSessionListener       : 【在线人数】人数增加为:1
2021-07-29 16:48:54.833  INFO 219120 --- [http-nio-9090-exec-1] com.alibaba.interceptor.MyInterceptor    : 【MyInterceptor】调用了:/login.html
2021-07-29 16:48:54.847  INFO 219120 --- [http-nio-9090-exec-1] com.alibaba.interceptor.MyInterceptor    : 【MyInterceptor】[/login.html]调用耗时:14ms
2021-07-29 16:48:54.852 ERROR 219120 --- [http-nio-9090-exec-1] o.a.c.c.C.[.[.[/].[dispatcherServlet]    : Servlet.service() for servlet [dispatcherServlet] in context with path [] threw exception [Request processing failed; nested exception is java.lang.NullPointerException] with root cause

java.lang.NullPointerException: null
	at com.alibaba.interceptor.MyInterceptor.postHandle(MyInterceptor.java:56) ~[classes/:na]
	at org.springframework.web.servlet.HandlerExecutionChain.applyPostHandle(HandlerExecutionChain.java:156) ~[spring-webmvc-5.1.7.RELEASE.jar:5.1.7.RELEASE]
	at org.springframework.web.servlet.DispatcherServlet.doDispatch(DispatcherServlet.java:1046) ~[spring-webmvc-5.1.7.RELEASE.jar:5.1.7.RELEASE]
	at org.springframework.web.servlet.DispatcherServlet.doService(DispatcherServlet.java:942) ~[spring-webmvc-5.1.7.RELEASE.jar:5.1.7.RELEASE]
	at org.springframework.web.servlet.FrameworkServlet.processRequest(FrameworkServlet.java:1005) ~[spring-webmvc-5.1.7.RELEASE.jar:5.1.7.RELEASE]
	at org.springframework.web.servlet.FrameworkServlet.doGet(FrameworkServlet.java:897) ~[spring-webmvc-5.1.7.RELEASE.jar:5.1.7.RELEASE]
	at javax.servlet.http.HttpServlet.service(HttpServlet.java:634) ~[tomcat-embed-core-9.0.19.jar:9.0.19]
	at org.springframework.web.servlet.FrameworkServlet.service(FrameworkServlet.java:882) ~[spring-webmvc-5.1.7.RELEASE.jar:5.1.7.RELEASE]
	at javax.servlet.http.HttpServlet.service(HttpServlet.java:741) ~[tomcat-embed-core-9.0.19.jar:9.0.19]
	at org.apache.catalina.core.ApplicationFilterChain.internalDoFilter(ApplicationFilterChain.java:231) ~[tomcat-embed-core-9.0.19.jar:9.0.19]
	at org.apache.catalina.core.ApplicationFilterChain.doFilter(ApplicationFilterChain.java:166) ~[tomcat-embed-core-9.0.19.jar:9.0.19]
	at org.apache.tomcat.websocket.server.WsFilter.doFilter(WsFilter.java:53) ~[tomcat-embed-websocket-9.0.19.jar:9.0.19]
	at org.apache.catalina.core.ApplicationFilterChain.internalDoFilter(ApplicationFilterChain.java:193) ~[tomcat-embed-core-9.0.19.jar:9.0.19]
	at org.apache.catalina.core.ApplicationFilterChain.doFilter(ApplicationFilterChain.java:166) ~[tomcat-embed-core-9.0.19.jar:9.0.19]
	at com.alibaba.filter.MyFilter.doFilter(MyFilter.java:53) ~[classes/:na]
	at org.apache.catalina.core.ApplicationFilterChain.internalDoFilter(ApplicationFilterChain.java:193) ~[tomcat-embed-core-9.0.19.jar:9.0.19]
	at org.apache.catalina.core.ApplicationFilterChain.doFilter(ApplicationFilterChain.java:166) ~[tomcat-embed-core-9.0.19.jar:9.0.19]
	at org.springframework.web.filter.RequestContextFilter.doFilterInternal(RequestContextFilter.java:99) ~[spring-web-5.1.7.RELEASE.jar:5.1.7.RELEASE]
	at org.springframework.web.filter.OncePerRequestFilter.doFilter(OncePerRequestFilter.java:107) ~[spring-web-5.1.7.RELEASE.jar:5.1.7.RELEASE]
	at org.apache.catalina.core.ApplicationFilterChain.internalDoFilter(ApplicationFilterChain.java:193) ~[tomcat-embed-core-9.0.19.jar:9.0.19]
	at org.apache.catalina.core.ApplicationFilterChain.doFilter(ApplicationFilterChain.java:166) ~[tomcat-embed-core-9.0.19.jar:9.0.19]
	at org.springframework.web.filter.FormContentFilter.doFilterInternal(FormContentFilter.java:92) ~[spring-web-5.1.7.RELEASE.jar:5.1.7.RELEASE]
	at org.springframework.web.filter.OncePerRequestFilter.doFilter(OncePerRequestFilter.java:107) ~[spring-web-5.1.7.RELEASE.jar:5.1.7.RELEASE]
	at org.apache.catalina.core.ApplicationFilterChain.internalDoFilter(ApplicationFilterChain.java:193) ~[tomcat-embed-core-9.0.19.jar:9.0.19]
	at org.apache.catalina.core.ApplicationFilterChain.doFilter(ApplicationFilterChain.java:166) ~[tomcat-embed-core-9.0.19.jar:9.0.19]
	at org.springframework.web.filter.HiddenHttpMethodFilter.doFilterInternal(HiddenHttpMethodFilter.java:93) ~[spring-web-5.1.7.RELEASE.jar:5.1.7.RELEASE]
	at org.springframework.web.filter.OncePerRequestFilter.doFilter(OncePerRequestFilter.java:107) ~[spring-web-5.1.7.RELEASE.jar:5.1.7.RELEASE]
	at org.apache.catalina.core.ApplicationFilterChain.internalDoFilter(ApplicationFilterChain.java:193) ~[tomcat-embed-core-9.0.19.jar:9.0.19]
	at org.apache.catalina.core.ApplicationFilterChain.doFilter(ApplicationFilterChain.java:166) ~[tomcat-embed-core-9.0.19.jar:9.0.19]
	at org.springframework.web.filter.CharacterEncodingFilter.doFilterInternal(CharacterEncodingFilter.java:200) ~[spring-web-5.1.7.RELEASE.jar:5.1.7.RELEASE]
	at org.springframework.web.filter.OncePerRequestFilter.doFilter(OncePerRequestFilter.java:107) ~[spring-web-5.1.7.RELEASE.jar:5.1.7.RELEASE]
	at org.apache.catalina.core.ApplicationFilterChain.internalDoFilter(ApplicationFilterChain.java:193) ~[tomcat-embed-core-9.0.19.jar:9.0.19]
	at org.apache.catalina.core.ApplicationFilterChain.doFilter(ApplicationFilterChain.java:166) ~[tomcat-embed-core-9.0.19.jar:9.0.19]
	at org.apache.catalina.core.StandardWrapperValve.invoke(StandardWrapperValve.java:200) ~[tomcat-embed-core-9.0.19.jar:9.0.19]
	at org.apache.catalina.core.StandardContextValve.invoke(StandardContextValve.java:96) [tomcat-embed-core-9.0.19.jar:9.0.19]
	at org.apache.catalina.authenticator.AuthenticatorBase.invoke(AuthenticatorBase.java:490) [tomcat-embed-core-9.0.19.jar:9.0.19]
	at org.apache.catalina.core.StandardHostValve.invoke(StandardHostValve.java:139) [tomcat-embed-core-9.0.19.jar:9.0.19]
	at org.apache.catalina.valves.ErrorReportValve.invoke(ErrorReportValve.java:92) [tomcat-embed-core-9.0.19.jar:9.0.19]
	at org.apache.catalina.core.StandardEngineValve.invoke(StandardEngineValve.java:74) [tomcat-embed-core-9.0.19.jar:9.0.19]
	at org.apache.catalina.connector.CoyoteAdapter.service(CoyoteAdapter.java:343) [tomcat-embed-core-9.0.19.jar:9.0.19]
	at org.apache.coyote.http11.Http11Processor.service(Http11Processor.java:408) [tomcat-embed-core-9.0.19.jar:9.0.19]
	at org.apache.coyote.AbstractProcessorLight.process(AbstractProcessorLight.java:66) [tomcat-embed-core-9.0.19.jar:9.0.19]
	at org.apache.coyote.AbstractProtocol$ConnectionHandler.process(AbstractProtocol.java:836) [tomcat-embed-core-9.0.19.jar:9.0.19]
	at org.apache.tomcat.util.net.NioEndpoint$SocketProcessor.doRun(NioEndpoint.java:1747) [tomcat-embed-core-9.0.19.jar:9.0.19]
	at org.apache.tomcat.util.net.SocketProcessorBase.run(SocketProcessorBase.java:49) [tomcat-embed-core-9.0.19.jar:9.0.19]
	at java.util.concurrent.ThreadPoolExecutor.runWorker(ThreadPoolExecutor.java:1149) [na:1.8.0_291]
	at java.util.concurrent.ThreadPoolExecutor$Worker.run(ThreadPoolExecutor.java:624) [na:1.8.0_291]
	at org.apache.tomcat.util.threads.TaskThread$WrappingRunnable.run(TaskThread.java:61) [tomcat-embed-core-9.0.19.jar:9.0.19]
	at java.lang.Thread.run(Thread.java:748) [na:1.8.0_291]

2021-07-29 16:48:54.860  INFO 219120 --- [http-nio-9090-exec-1] com.alibaba.interceptor.MyInterceptor    : 【MyInterceptor】调用了:/login.html
2021-07-29 16:48:54.873  INFO 219120 --- [http-nio-9090-exec-1] com.alibaba.interceptor.MyInterceptor    : 【MyInterceptor】[/login.html]调用耗时:12ms
2021-07-29 16:48:54.874 ERROR 219120 --- [http-nio-9090-exec-1] o.a.c.c.C.[.[.[/].[dispatcherServlet]    : Servlet.service() for servlet [dispatcherServlet] threw exception

java.lang.NullPointerException: null
	at com.alibaba.interceptor.MyInterceptor.postHandle(MyInterceptor.java:56) ~[classes/:na]
	at org.springframework.web.servlet.HandlerExecutionChain.applyPostHandle(HandlerExecutionChain.java:156) ~[spring-webmvc-5.1.7.RELEASE.jar:5.1.7.RELEASE]
	at org.springframework.web.servlet.DispatcherServlet.doDispatch(DispatcherServlet.java:1046) ~[spring-webmvc-5.1.7.RELEASE.jar:5.1.7.RELEASE]
	at org.springframework.web.servlet.DispatcherServlet.doService(DispatcherServlet.java:942) ~[spring-webmvc-5.1.7.RELEASE.jar:5.1.7.RELEASE]
	at org.springframework.web.servlet.FrameworkServlet.processRequest(FrameworkServlet.java:1005) ~[spring-webmvc-5.1.7.RELEASE.jar:5.1.7.RELEASE]
	at org.springframework.web.servlet.FrameworkServlet.doGet(FrameworkServlet.java:897) ~[spring-webmvc-5.1.7.RELEASE.jar:5.1.7.RELEASE]
	at javax.servlet.http.HttpServlet.service(HttpServlet.java:634) ~[tomcat-embed-core-9.0.19.jar:9.0.19]
	at org.springframework.web.servlet.FrameworkServlet.service(FrameworkServlet.java:882) ~[spring-webmvc-5.1.7.RELEASE.jar:5.1.7.RELEASE]
	at javax.servlet.http.HttpServlet.service(HttpServlet.java:741) ~[tomcat-embed-core-9.0.19.jar:9.0.19]
	at org.apache.catalina.core.ApplicationFilterChain.internalDoFilter(ApplicationFilterChain.java:231) ~[tomcat-embed-core-9.0.19.jar:9.0.19]
	at org.apache.catalina.core.ApplicationFilterChain.doFilter(ApplicationFilterChain.java:166) ~[tomcat-embed-core-9.0.19.jar:9.0.19]
	at org.apache.catalina.core.ApplicationDispatcher.invoke(ApplicationDispatcher.java:712) [tomcat-embed-core-9.0.19.jar:9.0.19]
	at org.apache.catalina.core.ApplicationDispatcher.doInclude(ApplicationDispatcher.java:580) [tomcat-embed-core-9.0.19.jar:9.0.19]
	at org.apache.catalina.core.ApplicationDispatcher.include(ApplicationDispatcher.java:516) [tomcat-embed-core-9.0.19.jar:9.0.19]
	at org.apache.catalina.core.StandardHostValve.custom(StandardHostValve.java:388) [tomcat-embed-core-9.0.19.jar:9.0.19]
	at org.apache.catalina.core.StandardHostValve.status(StandardHostValve.java:253) [tomcat-embed-core-9.0.19.jar:9.0.19]
	at org.apache.catalina.core.StandardHostValve.throwable(StandardHostValve.java:348) [tomcat-embed-core-9.0.19.jar:9.0.19]
	at org.apache.catalina.core.StandardHostValve.invoke(StandardHostValve.java:173) [tomcat-embed-core-9.0.19.jar:9.0.19]
	at org.apache.catalina.valves.ErrorReportValve.invoke(ErrorReportValve.java:92) [tomcat-embed-core-9.0.19.jar:9.0.19]
	at org.apache.catalina.core.StandardEngineValve.invoke(StandardEngineValve.java:74) [tomcat-embed-core-9.0.19.jar:9.0.19]
	at org.apache.catalina.connector.CoyoteAdapter.service(CoyoteAdapter.java:343) [tomcat-embed-core-9.0.19.jar:9.0.19]
	at org.apache.coyote.http11.Http11Processor.service(Http11Processor.java:408) [tomcat-embed-core-9.0.19.jar:9.0.19]
	at org.apache.coyote.AbstractProcessorLight.process(AbstractProcessorLight.java:66) [tomcat-embed-core-9.0.19.jar:9.0.19]
	at org.apache.coyote.AbstractProtocol$ConnectionHandler.process(AbstractProtocol.java:836) [tomcat-embed-core-9.0.19.jar:9.0.19]
	at org.apache.tomcat.util.net.NioEndpoint$SocketProcessor.doRun(NioEndpoint.java:1747) [tomcat-embed-core-9.0.19.jar:9.0.19]
	at org.apache.tomcat.util.net.SocketProcessorBase.run(SocketProcessorBase.java:49) [tomcat-embed-core-9.0.19.jar:9.0.19]
	at java.util.concurrent.ThreadPoolExecutor.runWorker(ThreadPoolExecutor.java:1149) [na:1.8.0_291]
	at java.util.concurrent.ThreadPoolExecutor$Worker.run(ThreadPoolExecutor.java:624) [na:1.8.0_291]
	at org.apache.tomcat.util.threads.TaskThread$WrappingRunnable.run(TaskThread.java:61) [tomcat-embed-core-9.0.19.jar:9.0.19]
	at java.lang.Thread.run(Thread.java:748) [na:1.8.0_291]

2021-07-29 16:48:54.874 ERROR 219120 --- [http-nio-9090-exec-1] o.a.c.c.C.[Tomcat].[localhost]           : Exception Processing ErrorPage[errorCode=0, location=/error]

org.springframework.web.util.NestedServletException: Request processing failed; nested exception is java.lang.NullPointerException
	at org.springframework.web.servlet.FrameworkServlet.processRequest(FrameworkServlet.java:1013) ~[spring-webmvc-5.1.7.RELEASE.jar:5.1.7.RELEASE]
	at org.springframework.web.servlet.FrameworkServlet.doGet(FrameworkServlet.java:897) ~[spring-webmvc-5.1.7.RELEASE.jar:5.1.7.RELEASE]
	at javax.servlet.http.HttpServlet.service(HttpServlet.java:634) ~[tomcat-embed-core-9.0.19.jar:9.0.19]
	at org.springframework.web.servlet.FrameworkServlet.service(FrameworkServlet.java:882) ~[spring-webmvc-5.1.7.RELEASE.jar:5.1.7.RELEASE]
	at javax.servlet.http.HttpServlet.service(HttpServlet.java:741) ~[tomcat-embed-core-9.0.19.jar:9.0.19]
	at org.apache.catalina.core.ApplicationFilterChain.internalDoFilter(ApplicationFilterChain.java:231) ~[tomcat-embed-core-9.0.19.jar:9.0.19]
	at org.apache.catalina.core.ApplicationFilterChain.doFilter(ApplicationFilterChain.java:166) ~[tomcat-embed-core-9.0.19.jar:9.0.19]
	at org.apache.catalina.core.ApplicationDispatcher.invoke(ApplicationDispatcher.java:712) ~[tomcat-embed-core-9.0.19.jar:9.0.19]
	at org.apache.catalina.core.ApplicationDispatcher.doInclude(ApplicationDispatcher.java:580) ~[tomcat-embed-core-9.0.19.jar:9.0.19]
	at org.apache.catalina.core.ApplicationDispatcher.include(ApplicationDispatcher.java:516) ~[tomcat-embed-core-9.0.19.jar:9.0.19]
	at org.apache.catalina.core.StandardHostValve.custom(StandardHostValve.java:388) [tomcat-embed-core-9.0.19.jar:9.0.19]
	at org.apache.catalina.core.StandardHostValve.status(StandardHostValve.java:253) [tomcat-embed-core-9.0.19.jar:9.0.19]
	at org.apache.catalina.core.StandardHostValve.throwable(StandardHostValve.java:348) [tomcat-embed-core-9.0.19.jar:9.0.19]
	at org.apache.catalina.core.StandardHostValve.invoke(StandardHostValve.java:173) [tomcat-embed-core-9.0.19.jar:9.0.19]
	at org.apache.catalina.valves.ErrorReportValve.invoke(ErrorReportValve.java:92) [tomcat-embed-core-9.0.19.jar:9.0.19]
	at org.apache.catalina.core.StandardEngineValve.invoke(StandardEngineValve.java:74) [tomcat-embed-core-9.0.19.jar:9.0.19]
	at org.apache.catalina.connector.CoyoteAdapter.service(CoyoteAdapter.java:343) [tomcat-embed-core-9.0.19.jar:9.0.19]
	at org.apache.coyote.http11.Http11Processor.service(Http11Processor.java:408) [tomcat-embed-core-9.0.19.jar:9.0.19]
	at org.apache.coyote.AbstractProcessorLight.process(AbstractProcessorLight.java:66) [tomcat-embed-core-9.0.19.jar:9.0.19]
	at org.apache.coyote.AbstractProtocol$ConnectionHandler.process(AbstractProtocol.java:836) [tomcat-embed-core-9.0.19.jar:9.0.19]
	at org.apache.tomcat.util.net.NioEndpoint$SocketProcessor.doRun(NioEndpoint.java:1747) [tomcat-embed-core-9.0.19.jar:9.0.19]
	at org.apache.tomcat.util.net.SocketProcessorBase.run(SocketProcessorBase.java:49) [tomcat-embed-core-9.0.19.jar:9.0.19]
	at java.util.concurrent.ThreadPoolExecutor.runWorker(ThreadPoolExecutor.java:1149) [na:1.8.0_291]
	at java.util.concurrent.ThreadPoolExecutor$Worker.run(ThreadPoolExecutor.java:624) [na:1.8.0_291]
	at org.apache.tomcat.util.threads.TaskThread$WrappingRunnable.run(TaskThread.java:61) [tomcat-embed-core-9.0.19.jar:9.0.19]
	at java.lang.Thread.run(Thread.java:748) [na:1.8.0_291]
Caused by: java.lang.NullPointerException: null
	at com.alibaba.interceptor.MyInterceptor.postHandle(MyInterceptor.java:56) ~[classes/:na]
	at org.springframework.web.servlet.HandlerExecutionChain.applyPostHandle(HandlerExecutionChain.java:156) ~[spring-webmvc-5.1.7.RELEASE.jar:5.1.7.RELEASE]
	at org.springframework.web.servlet.DispatcherServlet.doDispatch(DispatcherServlet.java:1046) ~[spring-webmvc-5.1.7.RELEASE.jar:5.1.7.RELEASE]
	at org.springframework.web.servlet.DispatcherServlet.doService(DispatcherServlet.java:942) ~[spring-webmvc-5.1.7.RELEASE.jar:5.1.7.RELEASE]
	at org.springframework.web.servlet.FrameworkServlet.processRequest(FrameworkServlet.java:1005) ~[spring-webmvc-5.1.7.RELEASE.jar:5.1.7.RELEASE]
	... 25 common frames omitted

2021-07-29 16:48:54.878  INFO 219120 --- [http-nio-9090-exec-3] com.alibaba.filter.MyFilter              : 请求的地址是 /favicon.ico
2021-07-29 16:48:54.886  INFO 219120 --- [http-nio-9090-exec-2] com.alibaba.filter.MyFilter              : 请求的地址是 /login.html
2021-07-29 16:48:54.887  INFO 219120 --- [http-nio-9090-exec-2] com.alibaba.interceptor.MyInterceptor    : 【MyInterceptor】调用了:/login.html
2021-07-29 16:48:54.889  INFO 219120 --- [http-nio-9090-exec-2] com.alibaba.interceptor.MyInterceptor    : 【MyInterceptor】[/login.html]调用耗时:2ms
2021-07-29 16:48:54.890 ERROR 219120 --- [http-nio-9090-exec-2] o.a.c.c.C.[.[.[/].[dispatcherServlet]    : Servlet.service() for servlet [dispatcherServlet] in context with path [] threw exception [Request processing failed; nested exception is java.lang.NullPointerException] with root cause

java.lang.NullPointerException: null
	at com.alibaba.interceptor.MyInterceptor.postHandle(MyInterceptor.java:56) ~[classes/:na]
	at org.springframework.web.servlet.HandlerExecutionChain.applyPostHandle(HandlerExecutionChain.java:156) ~[spring-webmvc-5.1.7.RELEASE.jar:5.1.7.RELEASE]
	at org.springframework.web.servlet.DispatcherServlet.doDispatch(DispatcherServlet.java:1046) ~[spring-webmvc-5.1.7.RELEASE.jar:5.1.7.RELEASE]
	at org.springframework.web.servlet.DispatcherServlet.doService(DispatcherServlet.java:942) ~[spring-webmvc-5.1.7.RELEASE.jar:5.1.7.RELEASE]
	at org.springframework.web.servlet.FrameworkServlet.processRequest(FrameworkServlet.java:1005) ~[spring-webmvc-5.1.7.RELEASE.jar:5.1.7.RELEASE]
	at org.springframework.web.servlet.FrameworkServlet.doGet(FrameworkServlet.java:897) ~[spring-webmvc-5.1.7.RELEASE.jar:5.1.7.RELEASE]
	at javax.servlet.http.HttpServlet.service(HttpServlet.java:634) ~[tomcat-embed-core-9.0.19.jar:9.0.19]
	at org.springframework.web.servlet.FrameworkServlet.service(FrameworkServlet.java:882) ~[spring-webmvc-5.1.7.RELEASE.jar:5.1.7.RELEASE]
	at javax.servlet.http.HttpServlet.service(HttpServlet.java:741) ~[tomcat-embed-core-9.0.19.jar:9.0.19]
	at org.apache.catalina.core.ApplicationFilterChain.internalDoFilter(ApplicationFilterChain.java:231) ~[tomcat-embed-core-9.0.19.jar:9.0.19]
	at org.apache.catalina.core.ApplicationFilterChain.doFilter(ApplicationFilterChain.java:166) ~[tomcat-embed-core-9.0.19.jar:9.0.19]
	at org.apache.tomcat.websocket.server.WsFilter.doFilter(WsFilter.java:53) ~[tomcat-embed-websocket-9.0.19.jar:9.0.19]
	at org.apache.catalina.core.ApplicationFilterChain.internalDoFilter(ApplicationFilterChain.java:193) ~[tomcat-embed-core-9.0.19.jar:9.0.19]
	at org.apache.catalina.core.ApplicationFilterChain.doFilter(ApplicationFilterChain.java:166) ~[tomcat-embed-core-9.0.19.jar:9.0.19]
	at com.alibaba.filter.MyFilter.doFilter(MyFilter.java:53) ~[classes/:na]
	at org.apache.catalina.core.ApplicationFilterChain.internalDoFilter(ApplicationFilterChain.java:193) ~[tomcat-embed-core-9.0.19.jar:9.0.19]
	at org.apache.catalina.core.ApplicationFilterChain.doFilter(ApplicationFilterChain.java:166) ~[tomcat-embed-core-9.0.19.jar:9.0.19]
	at org.springframework.web.filter.RequestContextFilter.doFilterInternal(RequestContextFilter.java:99) ~[spring-web-5.1.7.RELEASE.jar:5.1.7.RELEASE]
	at org.springframework.web.filter.OncePerRequestFilter.doFilter(OncePerRequestFilter.java:107) ~[spring-web-5.1.7.RELEASE.jar:5.1.7.RELEASE]
	at org.apache.catalina.core.ApplicationFilterChain.internalDoFilter(ApplicationFilterChain.java:193) ~[tomcat-embed-core-9.0.19.jar:9.0.19]
	at org.apache.catalina.core.ApplicationFilterChain.doFilter(ApplicationFilterChain.java:166) ~[tomcat-embed-core-9.0.19.jar:9.0.19]
	at org.springframework.web.filter.FormContentFilter.doFilterInternal(FormContentFilter.java:92) ~[spring-web-5.1.7.RELEASE.jar:5.1.7.RELEASE]
	at org.springframework.web.filter.OncePerRequestFilter.doFilter(OncePerRequestFilter.java:107) ~[spring-web-5.1.7.RELEASE.jar:5.1.7.RELEASE]
	at org.apache.catalina.core.ApplicationFilterChain.internalDoFilter(ApplicationFilterChain.java:193) ~[tomcat-embed-core-9.0.19.jar:9.0.19]
	at org.apache.catalina.core.ApplicationFilterChain.doFilter(ApplicationFilterChain.java:166) ~[tomcat-embed-core-9.0.19.jar:9.0.19]
	at org.springframework.web.filter.HiddenHttpMethodFilter.doFilterInternal(HiddenHttpMethodFilter.java:93) ~[spring-web-5.1.7.RELEASE.jar:5.1.7.RELEASE]
	at org.springframework.web.filter.OncePerRequestFilter.doFilter(OncePerRequestFilter.java:107) ~[spring-web-5.1.7.RELEASE.jar:5.1.7.RELEASE]
	at org.apache.catalina.core.ApplicationFilterChain.internalDoFilter(ApplicationFilterChain.java:193) ~[tomcat-embed-core-9.0.19.jar:9.0.19]
	at org.apache.catalina.core.ApplicationFilterChain.doFilter(ApplicationFilterChain.java:166) ~[tomcat-embed-core-9.0.19.jar:9.0.19]
	at org.springframework.web.filter.CharacterEncodingFilter.doFilterInternal(CharacterEncodingFilter.java:200) ~[spring-web-5.1.7.RELEASE.jar:5.1.7.RELEASE]
	at org.springframework.web.filter.OncePerRequestFilter.doFilter(OncePerRequestFilter.java:107) ~[spring-web-5.1.7.RELEASE.jar:5.1.7.RELEASE]
	at org.apache.catalina.core.ApplicationFilterChain.internalDoFilter(ApplicationFilterChain.java:193) ~[tomcat-embed-core-9.0.19.jar:9.0.19]
	at org.apache.catalina.core.ApplicationFilterChain.doFilter(ApplicationFilterChain.java:166) ~[tomcat-embed-core-9.0.19.jar:9.0.19]
	at org.apache.catalina.core.StandardWrapperValve.invoke(StandardWrapperValve.java:200) ~[tomcat-embed-core-9.0.19.jar:9.0.19]
	at org.apache.catalina.core.StandardContextValve.invoke(StandardContextValve.java:96) [tomcat-embed-core-9.0.19.jar:9.0.19]
	at org.apache.catalina.authenticator.AuthenticatorBase.invoke(AuthenticatorBase.java:490) [tomcat-embed-core-9.0.19.jar:9.0.19]
	at org.apache.catalina.core.StandardHostValve.invoke(StandardHostValve.java:139) [tomcat-embed-core-9.0.19.jar:9.0.19]
	at org.apache.catalina.valves.ErrorReportValve.invoke(ErrorReportValve.java:92) [tomcat-embed-core-9.0.19.jar:9.0.19]
	at org.apache.catalina.core.StandardEngineValve.invoke(StandardEngineValve.java:74) [tomcat-embed-core-9.0.19.jar:9.0.19]
	at org.apache.catalina.connector.CoyoteAdapter.service(CoyoteAdapter.java:343) [tomcat-embed-core-9.0.19.jar:9.0.19]
	at org.apache.coyote.http11.Http11Processor.service(Http11Processor.java:408) [tomcat-embed-core-9.0.19.jar:9.0.19]
	at org.apache.coyote.AbstractProcessorLight.process(AbstractProcessorLight.java:66) [tomcat-embed-core-9.0.19.jar:9.0.19]
	at org.apache.coyote.AbstractProtocol$ConnectionHandler.process(AbstractProtocol.java:836) [tomcat-embed-core-9.0.19.jar:9.0.19]
	at org.apache.tomcat.util.net.NioEndpoint$SocketProcessor.doRun(NioEndpoint.java:1747) [tomcat-embed-core-9.0.19.jar:9.0.19]
	at org.apache.tomcat.util.net.SocketProcessorBase.run(SocketProcessorBase.java:49) [tomcat-embed-core-9.0.19.jar:9.0.19]
	at java.util.concurrent.ThreadPoolExecutor.runWorker(ThreadPoolExecutor.java:1149) [na:1.8.0_291]
	at java.util.concurrent.ThreadPoolExecutor$Worker.run(ThreadPoolExecutor.java:624) [na:1.8.0_291]
	at org.apache.tomcat.util.threads.TaskThread$WrappingRunnable.run(TaskThread.java:61) [tomcat-embed-core-9.0.19.jar:9.0.19]
	at java.lang.Thread.run(Thread.java:748) [na:1.8.0_291]

2021-07-29 16:48:54.891  INFO 219120 --- [http-nio-9090-exec-2] com.alibaba.interceptor.MyInterceptor    : 【MyInterceptor】调用了:/login.html
2021-07-29 16:48:54.897  WARN 219120 --- [http-nio-9090-exec-2] .w.s.m.s.DefaultHandlerExceptionResolver : Resolved [org.springframework.web.HttpMediaTypeNotAcceptableException: Could not find acceptable representation]
2021-07-29 16:48:54.897  INFO 219120 --- [http-nio-9090-exec-2] com.alibaba.interceptor.MyInterceptor    : 【MyInterceptor】[/login.html]调用耗时:6ms
2021-07-29 16:48:59.997  INFO 219120 --- [http-nio-9090-exec-4] com.alibaba.filter.MyFilter              : 请求的地址是 /user/login
2021-07-29 16:48:59.998  INFO 219120 --- [http-nio-9090-exec-4] com.alibaba.interceptor.MyInterceptor    : 【MyInterceptor】调用了:/user/login
2021-07-29 16:49:00.020  INFO 219120 --- [http-nio-9090-exec-4] com.zaxxer.hikari.HikariDataSource       : HikariPool-1 - Starting...
2021-07-29 16:49:00.159  INFO 219120 --- [http-nio-9090-exec-4] com.zaxxer.hikari.HikariDataSource       : HikariPool-1 - Start completed.
2021-07-29 16:49:00.280  INFO 219120 --- [http-nio-9090-exec-4] com.alibaba.interceptor.MyInterceptor    : 【MyInterceptor】[/user/login]调用耗时:282ms
2021-07-29 16:49:00.281 ERROR 219120 --- [http-nio-9090-exec-4] o.a.c.c.C.[.[.[/].[dispatcherServlet]    : Servlet.service() for servlet [dispatcherServlet] in context with path [] threw exception [Request processing failed; nested exception is java.lang.NullPointerException] with root cause

java.lang.NullPointerException: null
	at com.alibaba.interceptor.MyInterceptor.postHandle(MyInterceptor.java:56) ~[classes/:na]
	at org.springframework.web.servlet.HandlerExecutionChain.applyPostHandle(HandlerExecutionChain.java:156) ~[spring-webmvc-5.1.7.RELEASE.jar:5.1.7.RELEASE]
	at org.springframework.web.servlet.DispatcherServlet.doDispatch(DispatcherServlet.java:1046) ~[spring-webmvc-5.1.7.RELEASE.jar:5.1.7.RELEASE]
	at org.springframework.web.servlet.DispatcherServlet.doService(DispatcherServlet.java:942) ~[spring-webmvc-5.1.7.RELEASE.jar:5.1.7.RELEASE]
	at org.springframework.web.servlet.FrameworkServlet.processRequest(FrameworkServlet.java:1005) ~[spring-webmvc-5.1.7.RELEASE.jar:5.1.7.RELEASE]
	at org.springframework.web.servlet.FrameworkServlet.doPost(FrameworkServlet.java:908) ~[spring-webmvc-5.1.7.RELEASE.jar:5.1.7.RELEASE]
	at javax.servlet.http.HttpServlet.service(HttpServlet.java:660) ~[tomcat-embed-core-9.0.19.jar:9.0.19]
	at org.springframework.web.servlet.FrameworkServlet.service(FrameworkServlet.java:882) ~[spring-webmvc-5.1.7.RELEASE.jar:5.1.7.RELEASE]
	at javax.servlet.http.HttpServlet.service(HttpServlet.java:741) ~[tomcat-embed-core-9.0.19.jar:9.0.19]
	at org.apache.catalina.core.ApplicationFilterChain.internalDoFilter(ApplicationFilterChain.java:231) ~[tomcat-embed-core-9.0.19.jar:9.0.19]
	at org.apache.catalina.core.ApplicationFilterChain.doFilter(ApplicationFilterChain.java:166) ~[tomcat-embed-core-9.0.19.jar:9.0.19]
	at org.apache.tomcat.websocket.server.WsFilter.doFilter(WsFilter.java:53) ~[tomcat-embed-websocket-9.0.19.jar:9.0.19]
	at org.apache.catalina.core.ApplicationFilterChain.internalDoFilter(ApplicationFilterChain.java:193) ~[tomcat-embed-core-9.0.19.jar:9.0.19]
	at org.apache.catalina.core.ApplicationFilterChain.doFilter(ApplicationFilterChain.java:166) ~[tomcat-embed-core-9.0.19.jar:9.0.19]
	at com.alibaba.filter.MyFilter.doFilter(MyFilter.java:53) ~[classes/:na]
	at org.apache.catalina.core.ApplicationFilterChain.internalDoFilter(ApplicationFilterChain.java:193) ~[tomcat-embed-core-9.0.19.jar:9.0.19]
	at org.apache.catalina.core.ApplicationFilterChain.doFilter(ApplicationFilterChain.java:166) ~[tomcat-embed-core-9.0.19.jar:9.0.19]
	at org.springframework.web.filter.RequestContextFilter.doFilterInternal(RequestContextFilter.java:99) ~[spring-web-5.1.7.RELEASE.jar:5.1.7.RELEASE]
	at org.springframework.web.filter.OncePerRequestFilter.doFilter(OncePerRequestFilter.java:107) ~[spring-web-5.1.7.RELEASE.jar:5.1.7.RELEASE]
	at org.apache.catalina.core.ApplicationFilterChain.internalDoFilter(ApplicationFilterChain.java:193) ~[tomcat-embed-core-9.0.19.jar:9.0.19]
	at org.apache.catalina.core.ApplicationFilterChain.doFilter(ApplicationFilterChain.java:166) ~[tomcat-embed-core-9.0.19.jar:9.0.19]
	at org.springframework.web.filter.FormContentFilter.doFilterInternal(FormContentFilter.java:92) ~[spring-web-5.1.7.RELEASE.jar:5.1.7.RELEASE]
	at org.springframework.web.filter.OncePerRequestFilter.doFilter(OncePerRequestFilter.java:107) ~[spring-web-5.1.7.RELEASE.jar:5.1.7.RELEASE]
	at org.apache.catalina.core.ApplicationFilterChain.internalDoFilter(ApplicationFilterChain.java:193) ~[tomcat-embed-core-9.0.19.jar:9.0.19]
	at org.apache.catalina.core.ApplicationFilterChain.doFilter(ApplicationFilterChain.java:166) ~[tomcat-embed-core-9.0.19.jar:9.0.19]
	at org.springframework.web.filter.HiddenHttpMethodFilter.doFilterInternal(HiddenHttpMethodFilter.java:93) ~[spring-web-5.1.7.RELEASE.jar:5.1.7.RELEASE]
	at org.springframework.web.filter.OncePerRequestFilter.doFilter(OncePerRequestFilter.java:107) ~[spring-web-5.1.7.RELEASE.jar:5.1.7.RELEASE]
	at org.apache.catalina.core.ApplicationFilterChain.internalDoFilter(ApplicationFilterChain.java:193) ~[tomcat-embed-core-9.0.19.jar:9.0.19]
	at org.apache.catalina.core.ApplicationFilterChain.doFilter(ApplicationFilterChain.java:166) ~[tomcat-embed-core-9.0.19.jar:9.0.19]
	at org.springframework.web.filter.CharacterEncodingFilter.doFilterInternal(CharacterEncodingFilter.java:200) ~[spring-web-5.1.7.RELEASE.jar:5.1.7.RELEASE]
	at org.springframework.web.filter.OncePerRequestFilter.doFilter(OncePerRequestFilter.java:107) ~[spring-web-5.1.7.RELEASE.jar:5.1.7.RELEASE]
	at org.apache.catalina.core.ApplicationFilterChain.internalDoFilter(ApplicationFilterChain.java:193) ~[tomcat-embed-core-9.0.19.jar:9.0.19]
	at org.apache.catalina.core.ApplicationFilterChain.doFilter(ApplicationFilterChain.java:166) ~[tomcat-embed-core-9.0.19.jar:9.0.19]
	at org.apache.catalina.core.StandardWrapperValve.invoke(StandardWrapperValve.java:200) ~[tomcat-embed-core-9.0.19.jar:9.0.19]
	at org.apache.catalina.core.StandardContextValve.invoke(StandardContextValve.java:96) [tomcat-embed-core-9.0.19.jar:9.0.19]
	at org.apache.catalina.authenticator.AuthenticatorBase.invoke(AuthenticatorBase.java:490) [tomcat-embed-core-9.0.19.jar:9.0.19]
	at org.apache.catalina.core.StandardHostValve.invoke(StandardHostValve.java:139) [tomcat-embed-core-9.0.19.jar:9.0.19]
	at org.apache.catalina.valves.ErrorReportValve.invoke(ErrorReportValve.java:92) [tomcat-embed-core-9.0.19.jar:9.0.19]
	at org.apache.catalina.core.StandardEngineValve.invoke(StandardEngineValve.java:74) [tomcat-embed-core-9.0.19.jar:9.0.19]
	at org.apache.catalina.connector.CoyoteAdapter.service(CoyoteAdapter.java:343) [tomcat-embed-core-9.0.19.jar:9.0.19]
	at org.apache.coyote.http11.Http11Processor.service(Http11Processor.java:408) [tomcat-embed-core-9.0.19.jar:9.0.19]
	at org.apache.coyote.AbstractProcessorLight.process(AbstractProcessorLight.java:66) [tomcat-embed-core-9.0.19.jar:9.0.19]
	at org.apache.coyote.AbstractProtocol$ConnectionHandler.process(AbstractProtocol.java:836) [tomcat-embed-core-9.0.19.jar:9.0.19]
	at org.apache.tomcat.util.net.NioEndpoint$SocketProcessor.doRun(NioEndpoint.java:1747) [tomcat-embed-core-9.0.19.jar:9.0.19]
	at org.apache.tomcat.util.net.SocketProcessorBase.run(SocketProcessorBase.java:49) [tomcat-embed-core-9.0.19.jar:9.0.19]
	at java.util.concurrent.ThreadPoolExecutor.runWorker(ThreadPoolExecutor.java:1149) [na:1.8.0_291]
	at java.util.concurrent.ThreadPoolExecutor$Worker.run(ThreadPoolExecutor.java:624) [na:1.8.0_291]
	at org.apache.tomcat.util.threads.TaskThread$WrappingRunnable.run(TaskThread.java:61) [tomcat-embed-core-9.0.19.jar:9.0.19]
	at java.lang.Thread.run(Thread.java:748) [na:1.8.0_291]

2021-07-29 16:49:00.283  INFO 219120 --- [http-nio-9090-exec-4] com.alibaba.interceptor.MyInterceptor    : 【MyInterceptor】调用了:/user/login
2021-07-29 16:49:00.286  INFO 219120 --- [http-nio-9090-exec-4] com.alibaba.interceptor.MyInterceptor    : 【MyInterceptor】[/user/login]调用耗时:3ms
2021-07-29 16:49:00.287 ERROR 219120 --- [http-nio-9090-exec-4] o.a.c.c.C.[.[.[/].[dispatcherServlet]    : Servlet.service() for servlet [dispatcherServlet] threw exception

java.lang.NullPointerException: null
	at com.alibaba.interceptor.MyInterceptor.postHandle(MyInterceptor.java:56) ~[classes/:na]
	at org.springframework.web.servlet.HandlerExecutionChain.applyPostHandle(HandlerExecutionChain.java:156) ~[spring-webmvc-5.1.7.RELEASE.jar:5.1.7.RELEASE]
	at org.springframework.web.servlet.DispatcherServlet.doDispatch(DispatcherServlet.java:1046) ~[spring-webmvc-5.1.7.RELEASE.jar:5.1.7.RELEASE]
	at org.springframework.web.servlet.DispatcherServlet.doService(DispatcherServlet.java:942) ~[spring-webmvc-5.1.7.RELEASE.jar:5.1.7.RELEASE]
	at org.springframework.web.servlet.FrameworkServlet.processRequest(FrameworkServlet.java:1005) ~[spring-webmvc-5.1.7.RELEASE.jar:5.1.7.RELEASE]
	at org.springframework.web.servlet.FrameworkServlet.doPost(FrameworkServlet.java:908) ~[spring-webmvc-5.1.7.RELEASE.jar:5.1.7.RELEASE]
	at javax.servlet.http.HttpServlet.service(HttpServlet.java:660) ~[tomcat-embed-core-9.0.19.jar:9.0.19]
	at org.springframework.web.servlet.FrameworkServlet.service(FrameworkServlet.java:882) ~[spring-webmvc-5.1.7.RELEASE.jar:5.1.7.RELEASE]
	at javax.servlet.http.HttpServlet.service(HttpServlet.java:741) ~[tomcat-embed-core-9.0.19.jar:9.0.19]
	at org.apache.catalina.core.ApplicationFilterChain.internalDoFilter(ApplicationFilterChain.java:231) ~[tomcat-embed-core-9.0.19.jar:9.0.19]
	at org.apache.catalina.core.ApplicationFilterChain.doFilter(ApplicationFilterChain.java:166) ~[tomcat-embed-core-9.0.19.jar:9.0.19]
	at org.apache.catalina.core.ApplicationDispatcher.invoke(ApplicationDispatcher.java:712) [tomcat-embed-core-9.0.19.jar:9.0.19]
	at org.apache.catalina.core.ApplicationDispatcher.doInclude(ApplicationDispatcher.java:580) [tomcat-embed-core-9.0.19.jar:9.0.19]
	at org.apache.catalina.core.ApplicationDispatcher.include(ApplicationDispatcher.java:516) [tomcat-embed-core-9.0.19.jar:9.0.19]
	at org.apache.catalina.core.StandardHostValve.custom(StandardHostValve.java:388) [tomcat-embed-core-9.0.19.jar:9.0.19]
	at org.apache.catalina.core.StandardHostValve.status(StandardHostValve.java:253) [tomcat-embed-core-9.0.19.jar:9.0.19]
	at org.apache.catalina.core.StandardHostValve.throwable(StandardHostValve.java:348) [tomcat-embed-core-9.0.19.jar:9.0.19]
	at org.apache.catalina.core.StandardHostValve.invoke(StandardHostValve.java:173) [tomcat-embed-core-9.0.19.jar:9.0.19]
	at org.apache.catalina.valves.ErrorReportValve.invoke(ErrorReportValve.java:92) [tomcat-embed-core-9.0.19.jar:9.0.19]
	at org.apache.catalina.core.StandardEngineValve.invoke(StandardEngineValve.java:74) [tomcat-embed-core-9.0.19.jar:9.0.19]
	at org.apache.catalina.connector.CoyoteAdapter.service(CoyoteAdapter.java:343) [tomcat-embed-core-9.0.19.jar:9.0.19]
	at org.apache.coyote.http11.Http11Processor.service(Http11Processor.java:408) [tomcat-embed-core-9.0.19.jar:9.0.19]
	at org.apache.coyote.AbstractProcessorLight.process(AbstractProcessorLight.java:66) [tomcat-embed-core-9.0.19.jar:9.0.19]
	at org.apache.coyote.AbstractProtocol$ConnectionHandler.process(AbstractProtocol.java:836) [tomcat-embed-core-9.0.19.jar:9.0.19]
	at org.apache.tomcat.util.net.NioEndpoint$SocketProcessor.doRun(NioEndpoint.java:1747) [tomcat-embed-core-9.0.19.jar:9.0.19]
	at org.apache.tomcat.util.net.SocketProcessorBase.run(SocketProcessorBase.java:49) [tomcat-embed-core-9.0.19.jar:9.0.19]
	at java.util.concurrent.ThreadPoolExecutor.runWorker(ThreadPoolExecutor.java:1149) [na:1.8.0_291]
	at java.util.concurrent.ThreadPoolExecutor$Worker.run(ThreadPoolExecutor.java:624) [na:1.8.0_291]
	at org.apache.tomcat.util.threads.TaskThread$WrappingRunnable.run(TaskThread.java:61) [tomcat-embed-core-9.0.19.jar:9.0.19]
	at java.lang.Thread.run(Thread.java:748) [na:1.8.0_291]

2021-07-29 16:49:00.288 ERROR 219120 --- [http-nio-9090-exec-4] o.a.c.c.C.[Tomcat].[localhost]           : Exception Processing ErrorPage[errorCode=0, location=/error]

org.springframework.web.util.NestedServletException: Request processing failed; nested exception is java.lang.NullPointerException
	at org.springframework.web.servlet.FrameworkServlet.processRequest(FrameworkServlet.java:1013) ~[spring-webmvc-5.1.7.RELEASE.jar:5.1.7.RELEASE]
	at org.springframework.web.servlet.FrameworkServlet.doPost(FrameworkServlet.java:908) ~[spring-webmvc-5.1.7.RELEASE.jar:5.1.7.RELEASE]
	at javax.servlet.http.HttpServlet.service(HttpServlet.java:660) ~[tomcat-embed-core-9.0.19.jar:9.0.19]
	at org.springframework.web.servlet.FrameworkServlet.service(FrameworkServlet.java:882) ~[spring-webmvc-5.1.7.RELEASE.jar:5.1.7.RELEASE]
	at javax.servlet.http.HttpServlet.service(HttpServlet.java:741) ~[tomcat-embed-core-9.0.19.jar:9.0.19]
	at org.apache.catalina.core.ApplicationFilterChain.internalDoFilter(ApplicationFilterChain.java:231) ~[tomcat-embed-core-9.0.19.jar:9.0.19]
	at org.apache.catalina.core.ApplicationFilterChain.doFilter(ApplicationFilterChain.java:166) ~[tomcat-embed-core-9.0.19.jar:9.0.19]
	at org.apache.catalina.core.ApplicationDispatcher.invoke(ApplicationDispatcher.java:712) ~[tomcat-embed-core-9.0.19.jar:9.0.19]
	at org.apache.catalina.core.ApplicationDispatcher.doInclude(ApplicationDispatcher.java:580) ~[tomcat-embed-core-9.0.19.jar:9.0.19]
	at org.apache.catalina.core.ApplicationDispatcher.include(ApplicationDispatcher.java:516) ~[tomcat-embed-core-9.0.19.jar:9.0.19]
	at org.apache.catalina.core.StandardHostValve.custom(StandardHostValve.java:388) [tomcat-embed-core-9.0.19.jar:9.0.19]
	at org.apache.catalina.core.StandardHostValve.status(StandardHostValve.java:253) [tomcat-embed-core-9.0.19.jar:9.0.19]
	at org.apache.catalina.core.StandardHostValve.throwable(StandardHostValve.java:348) [tomcat-embed-core-9.0.19.jar:9.0.19]
	at org.apache.catalina.core.StandardHostValve.invoke(StandardHostValve.java:173) [tomcat-embed-core-9.0.19.jar:9.0.19]
	at org.apache.catalina.valves.ErrorReportValve.invoke(ErrorReportValve.java:92) [tomcat-embed-core-9.0.19.jar:9.0.19]
	at org.apache.catalina.core.StandardEngineValve.invoke(StandardEngineValve.java:74) [tomcat-embed-core-9.0.19.jar:9.0.19]
	at org.apache.catalina.connector.CoyoteAdapter.service(CoyoteAdapter.java:343) [tomcat-embed-core-9.0.19.jar:9.0.19]
	at org.apache.coyote.http11.Http11Processor.service(Http11Processor.java:408) [tomcat-embed-core-9.0.19.jar:9.0.19]
	at org.apache.coyote.AbstractProcessorLight.process(AbstractProcessorLight.java:66) [tomcat-embed-core-9.0.19.jar:9.0.19]
	at org.apache.coyote.AbstractProtocol$ConnectionHandler.process(AbstractProtocol.java:836) [tomcat-embed-core-9.0.19.jar:9.0.19]
	at org.apache.tomcat.util.net.NioEndpoint$SocketProcessor.doRun(NioEndpoint.java:1747) [tomcat-embed-core-9.0.19.jar:9.0.19]
	at org.apache.tomcat.util.net.SocketProcessorBase.run(SocketProcessorBase.java:49) [tomcat-embed-core-9.0.19.jar:9.0.19]
	at java.util.concurrent.ThreadPoolExecutor.runWorker(ThreadPoolExecutor.java:1149) [na:1.8.0_291]
	at java.util.concurrent.ThreadPoolExecutor$Worker.run(ThreadPoolExecutor.java:624) [na:1.8.0_291]
	at org.apache.tomcat.util.threads.TaskThread$WrappingRunnable.run(TaskThread.java:61) [tomcat-embed-core-9.0.19.jar:9.0.19]
	at java.lang.Thread.run(Thread.java:748) [na:1.8.0_291]
Caused by: java.lang.NullPointerException: null
	at com.alibaba.interceptor.MyInterceptor.postHandle(MyInterceptor.java:56) ~[classes/:na]
	at org.springframework.web.servlet.HandlerExecutionChain.applyPostHandle(HandlerExecutionChain.java:156) ~[spring-webmvc-5.1.7.RELEASE.jar:5.1.7.RELEASE]
	at org.springframework.web.servlet.DispatcherServlet.doDispatch(DispatcherServlet.java:1046) ~[spring-webmvc-5.1.7.RELEASE.jar:5.1.7.RELEASE]
	at org.springframework.web.servlet.DispatcherServlet.doService(DispatcherServlet.java:942) ~[spring-webmvc-5.1.7.RELEASE.jar:5.1.7.RELEASE]
	at org.springframework.web.servlet.FrameworkServlet.processRequest(FrameworkServlet.java:1005) ~[spring-webmvc-5.1.7.RELEASE.jar:5.1.7.RELEASE]
	... 25 common frames omitted

2021-07-29 16:51:39.142  INFO 214628 --- [restartedMain] com.alibaba.Application                  : Starting Application on ZHONGBL1-1QLQBG with PID 214628 (C:\Users\zhongbl1\IdeaProjects\springboot-login-master\target\classes started by zhongbl1 in C:\Users\zhongbl1\IdeaProjects\springboot-login-master)
2021-07-29 16:51:39.145  INFO 214628 --- [restartedMain] com.alibaba.Application                  : No active profile set, falling back to default profiles: default
2021-07-29 16:51:39.181  INFO 214628 --- [restartedMain] .e.DevToolsPropertyDefaultsPostProcessor : Devtools property defaults active! Set 'spring.devtools.add-properties' to 'false' to disable
2021-07-29 16:51:39.181  INFO 214628 --- [restartedMain] .e.DevToolsPropertyDefaultsPostProcessor : For additional web related logging consider setting the 'logging.level.web' property to 'DEBUG'
2021-07-29 16:51:40.809  INFO 214628 --- [restartedMain] o.s.b.w.embedded.tomcat.TomcatWebServer  : Tomcat initialized with port(s): 9090 (http)
2021-07-29 16:51:40.832  INFO 214628 --- [restartedMain] o.apache.catalina.core.StandardService   : Starting service [Tomcat]
2021-07-29 16:51:40.833  INFO 214628 --- [restartedMain] org.apache.catalina.core.StandardEngine  : Starting Servlet engine: [Apache Tomcat/9.0.19]
2021-07-29 16:51:40.933  INFO 214628 --- [restartedMain] o.a.c.c.C.[Tomcat].[localhost].[/]       : Initializing Spring embedded WebApplicationContext
2021-07-29 16:51:40.934  INFO 214628 --- [restartedMain] o.s.web.context.ContextLoader            : Root WebApplicationContext: initialization completed in 1752 ms
2021-07-29 16:51:40.982  INFO 214628 --- [restartedMain] com.alibaba.filter.MyFilter              : 初始化过滤器
2021-07-29 16:51:41.252  INFO 214628 --- [restartedMain] o.s.s.concurrent.ThreadPoolTaskExecutor  : Initializing ExecutorService 'applicationTaskExecutor'
2021-07-29 16:51:41.379  INFO 214628 --- [restartedMain] o.s.b.a.w.s.WelcomePageHandlerMapping    : Adding welcome page: class path resource [templates/index.html]
2021-07-29 16:51:41.501  INFO 214628 --- [restartedMain] o.s.b.d.a.OptionalLiveReloadServer       : LiveReload server is running on port 35729
2021-07-29 16:51:41.543  INFO 214628 --- [restartedMain] o.s.b.w.embedded.tomcat.TomcatWebServer  : Tomcat started on port(s): 9090 (http) with context path ''
2021-07-29 16:51:41.546  INFO 214628 --- [restartedMain] com.alibaba.Application                  : Started Application in 2.774 seconds (JVM running for 3.202)
2021-07-29 16:51:51.651  INFO 214628 --- [http-nio-9090-exec-1] o.a.c.c.C.[Tomcat].[localhost].[/]       : Initializing Spring DispatcherServlet 'dispatcherServlet'
2021-07-29 16:51:51.651  INFO 214628 --- [http-nio-9090-exec-1] o.s.web.servlet.DispatcherServlet        : Initializing Servlet 'dispatcherServlet'
2021-07-29 16:51:51.657  INFO 214628 --- [http-nio-9090-exec-1] o.s.web.servlet.DispatcherServlet        : Completed initialization in 6 ms
2021-07-29 16:51:51.666  INFO 214628 --- [http-nio-9090-exec-1] com.alibaba.filter.MyFilter              : 请求的地址是 /login.html
2021-07-29 16:51:51.671  INFO 214628 --- [http-nio-9090-exec-1] c.a.listener.MyHttpSessionListener       : 【在线人数】人数增加为:1
2021-07-29 16:51:51.679  INFO 214628 --- [http-nio-9090-exec-1] com.alibaba.interceptor.MyInterceptor    : 【MyInterceptor】调用了:/login.html
2021-07-29 16:51:51.690  INFO 214628 --- [http-nio-9090-exec-1] com.alibaba.interceptor.MyInterceptor    : 【MyInterceptor】[/login.html]调用耗时:11ms
2021-07-29 16:51:51.704  INFO 214628 --- [http-nio-9090-exec-2] com.alibaba.filter.MyFilter              : 请求的地址是 /favicon.ico
2021-07-29 16:51:51.726  INFO 214628 --- [http-nio-9090-exec-3] com.alibaba.filter.MyFilter              : 请求的地址是 /login.html
2021-07-29 16:51:51.727  INFO 214628 --- [http-nio-9090-exec-3] com.alibaba.interceptor.MyInterceptor    : 【MyInterceptor】调用了:/login.html
2021-07-29 16:51:51.729  INFO 214628 --- [http-nio-9090-exec-3] com.alibaba.interceptor.MyInterceptor    : 【MyInterceptor】[/login.html]调用耗时:2ms
2021-07-29 16:51:58.730  INFO 214628 --- [http-nio-9090-exec-4] com.alibaba.filter.MyFilter              : 请求的地址是 /user/login
2021-07-29 16:51:58.732  INFO 214628 --- [http-nio-9090-exec-4] com.alibaba.interceptor.MyInterceptor    : 【MyInterceptor】调用了:/user/login
2021-07-29 16:51:58.760  INFO 214628 --- [http-nio-9090-exec-4] com.zaxxer.hikari.HikariDataSource       : HikariPool-1 - Starting...
2021-07-29 16:51:58.888  INFO 214628 --- [http-nio-9090-exec-4] com.zaxxer.hikari.HikariDataSource       : HikariPool-1 - Start completed.
2021-07-29 16:51:58.995  INFO 214628 --- [http-nio-9090-exec-4] com.alibaba.interceptor.MyInterceptor    : 【MyInterceptor】[/user/login]调用耗时:263ms
2021-07-29 16:51:59.028  INFO 214628 --- [http-nio-9090-exec-5] com.alibaba.filter.MyFilter              : 请求的地址是 /favicon.ico
2021-07-29 16:51:59.047  INFO 214628 --- [http-nio-9090-exec-6] com.alibaba.filter.MyFilter              : 请求的地址是 /login.html
2021-07-29 16:51:59.048  INFO 214628 --- [http-nio-9090-exec-6] com.alibaba.interceptor.MyInterceptor    : 【MyInterceptor】调用了:/login.html
2021-07-29 16:51:59.049  INFO 214628 --- [http-nio-9090-exec-6] com.alibaba.interceptor.MyInterceptor    : 【MyInterceptor】[/login.html]调用耗时:1ms
2021-07-29 17:22:42.464  INFO 214628 --- [Catalina-utility-1] c.a.listener.MyHttpSessionListener       : 【在线人数】人数减少为:0
